#-----------------------------------------------------------
# Vivado v2017.4 (64-bit)
# SW Build 2086221 on Fri Dec 15 20:55:39 MST 2017
# IP Build 2085800 on Fri Dec 15 22:25:07 MST 2017
# Start of session at: Thu Aug 15 11:16:46 2024
# Process ID: 4120
# Current directory: C:/Users/DELL/Desktop/CW4.team/adc_8channel V2/adc_8channel
# Command line: vivado.exe -gui_launcher_event rodinguilauncherevent9652 C:\Users\DELL\Desktop\CW4.team\adc_8channel V2\adc_8channel\adc_8channel.xpr
# Log file: C:/Users/DELL/Desktop/CW4.team/adc_8channel V2/adc_8channel/vivado.log
# Journal file: C:/Users/DELL/Desktop/CW4.team/adc_8channel V2/adc_8channel\vivado.jou
#-----------------------------------------------------------
start_gui
open_project {C:/Users/DELL/Desktop/CW4.team/adc_8channel V2/adc_8channel/adc_8channel.xpr}
Scanning sources...
Finished scanning sources
INFO: [IP_Flow 19-234] Refreshing IP repositories
INFO: [IP_Flow 19-1704] No user IP repositories specified
INFO: [IP_Flow 19-2313] Loaded Vivado IP repository 'F:/Xilinx/Vivado/2017.4/data/ip'.
open_project: Time (s): cpu = 00:00:06 ; elapsed = 00:00:11 . Memory (MB): peak = 1057.734 ; gain = 275.238
update_compile_order -fileset sources_1
create_ip -name fifo_generator -vendor xilinx.com -library ip -version 13.2 -module_name fifo5 -dir {c:/Users/DELL/Desktop/CW4.team/adc_8channel V2/adc_8channel/adc_8channel.srcs/sources_1/ip}
set_property -dict [list CONFIG.Component_Name {fifo5} CONFIG.Fifo_Implementation {Common_Clock_Block_RAM} CONFIG.Input_Depth {65536} CONFIG.Output_Depth {65536} CONFIG.Data_Count {true} CONFIG.Data_Count_Width {16} CONFIG.Write_Data_Count_Width {16} CONFIG.Read_Data_Count_Width {16} CONFIG.Full_Threshold_Assert_Value {65534} CONFIG.Full_Threshold_Negate_Value {65533}] [get_ips fifo5]
WARNING: [Vivado 12-3523] Attempt to change 'Component_Name' from 'fifo5' to 'fifo5' is not allowed and is ignored.
generate_target {instantiation_template} [get_files {{c:/Users/DELL/Desktop/CW4.team/adc_8channel V2/adc_8channel/adc_8channel.srcs/sources_1/ip/fifo5/fifo5.xci}}]
INFO: [IP_Flow 19-1686] Generating 'Instantiation Template' target for IP 'fifo5'...
update_compile_order -fileset sources_1
generate_target all [get_files  {{c:/Users/DELL/Desktop/CW4.team/adc_8channel V2/adc_8channel/adc_8channel.srcs/sources_1/ip/fifo5/fifo5.xci}}]
INFO: [IP_Flow 19-1686] Generating 'Synthesis' target for IP 'fifo5'...
INFO: [IP_Flow 19-1686] Generating 'Simulation' target for IP 'fifo5'...
INFO: [IP_Flow 19-1686] Generating 'Change Log' target for IP 'fifo5'...
catch { config_ip_cache -export [get_ips -all fifo5] }
export_ip_user_files -of_objects [get_files {{c:/Users/DELL/Desktop/CW4.team/adc_8channel V2/adc_8channel/adc_8channel.srcs/sources_1/ip/fifo5/fifo5.xci}}] -no_script -sync -force -quiet
create_ip_run [get_files -of_objects [get_fileset sources_1] {{c:/Users/DELL/Desktop/CW4.team/adc_8channel V2/adc_8channel/adc_8channel.srcs/sources_1/ip/fifo5/fifo5.xci}}]
launch_runs -jobs 22 fifo5_synth_1
[Thu Aug 15 11:19:08 2024] Launched fifo5_synth_1...
Run output will be captured here: C:/Users/DELL/Desktop/CW4.team/adc_8channel V2/adc_8channel/adc_8channel.runs/fifo5_synth_1/runme.log
export_simulation -of_objects [get_files {{c:/Users/DELL/Desktop/CW4.team/adc_8channel V2/adc_8channel/adc_8channel.srcs/sources_1/ip/fifo5/fifo5.xci}}] -directory {C:/Users/DELL/Desktop/CW4.team/adc_8channel V2/adc_8channel/adc_8channel.ip_user_files/sim_scripts} -ip_user_files_dir {C:/Users/DELL/Desktop/CW4.team/adc_8channel V2/adc_8channel/adc_8channel.ip_user_files} -ipstatic_source_dir {C:/Users/DELL/Desktop/CW4.team/adc_8channel V2/adc_8channel/adc_8channel.ip_user_files/ipstatic} -lib_map_path [list {modelsim=C:/Users/DELL/Desktop/CW4.team/adc_8channel V2/adc_8channel/adc_8channel.cache/compile_simlib/modelsim} {questa=C:/Users/DELL/Desktop/CW4.team/adc_8channel V2/adc_8channel/adc_8channel.cache/compile_simlib/questa} {riviera=C:/Users/DELL/Desktop/CW4.team/adc_8channel V2/adc_8channel/adc_8channel.cache/compile_simlib/riviera} {activehdl=C:/Users/DELL/Desktop/CW4.team/adc_8channel V2/adc_8channel/adc_8channel.cache/compile_simlib/activehdl}] -use_ip_compiled_libs -force -quiet
