#-----------------------------------------------------------
# Vivado v2017.4 (64-bit)
# SW Build 2086221 on Fri Dec 15 20:55:39 MST 2017
# IP Build 2085800 on Fri Dec 15 22:25:07 MST 2017
# Start of session at: Wed Aug 21 00:39:55 2024
# Process ID: 944
# Current directory: C:/Users/DELL/Desktop/CW4.team/adc_8channel V2/adc_8channel_sd_eth_1600_v1/adc_8channel
# Command line: vivado.exe -gui_launcher_event rodinguilauncherevent17764 C:\Users\DELL\Desktop\CW4.team\adc_8channel V2\adc_8channel_sd_eth_1600_v1\adc_8channel\adc_8channel.xpr
# Log file: C:/Users/DELL/Desktop/CW4.team/adc_8channel V2/adc_8channel_sd_eth_1600_v1/adc_8channel/vivado.log
# Journal file: C:/Users/DELL/Desktop/CW4.team/adc_8channel V2/adc_8channel_sd_eth_1600_v1/adc_8channel\vivado.jou
#-----------------------------------------------------------
start_gui
open_project {C:/Users/DELL/Desktop/CW4.team/adc_8channel V2/adc_8channel_sd_eth_1600_v1/adc_8channel/adc_8channel.xpr}
INFO: [ProjectBase 1-489] The host OS only allows 260 characters in a normal path. The project is stored in a path with more than 80 characters. If you experience issues with IP, Block Designs, or files not being found, please consider moving the project to a location with a shorter path. Alternately consider using the OS subst command to map part of the path to a drive letter.
Current project path is 'C:/Users/DELL/Desktop/CW4.team/adc_8channel V2/adc_8channel_sd_eth_1600_v1/adc_8channel'
INFO: [Project 1-313] Project file moved from 'C:/Users/DELL/Desktop/CW4.team/adc_8channel V2/adc_8channel' since last save.
WARNING: [Project 1-312] File not found as 'C:/Users/DELL/Desktop/CW4.team/adc_8channel V2/adc_ethernet_v3.1.1/adc_ethernet/adc_ethernet.srcs/sources_1/new/arp_cache.v'; using path 'C:/Users/DELL/Desktop/CW4.team/adc_ethernet_v3.1.1/adc_ethernet/adc_ethernet.srcs/sources_1/new/arp_cache.v' instead.
WARNING: [Project 1-312] File not found as 'C:/Users/DELL/Desktop/CW4.team/adc_8channel V2/adc_ethernet_v3.1.1/adc_ethernet/adc_ethernet.srcs/sources_1/new/arp_rx.v'; using path 'C:/Users/DELL/Desktop/CW4.team/adc_ethernet_v3.1.1/adc_ethernet/adc_ethernet.srcs/sources_1/new/arp_rx.v' instead.
WARNING: [Project 1-312] File not found as 'C:/Users/DELL/Desktop/CW4.team/adc_8channel V2/adc_ethernet_v3.1.1/adc_ethernet/adc_ethernet.srcs/sources_1/new/arp_tx.v'; using path 'C:/Users/DELL/Desktop/CW4.team/adc_ethernet_v3.1.1/adc_ethernet/adc_ethernet.srcs/sources_1/new/arp_tx.v' instead.
WARNING: [Project 1-312] File not found as 'C:/Users/DELL/Desktop/CW4.team/adc_8channel V2/adc_ethernet_v3.1.1/adc_ethernet/adc_ethernet.srcs/sources_1/new/crc.v'; using path 'C:/Users/DELL/Desktop/CW4.team/adc_ethernet_v3.1.1/adc_ethernet/adc_ethernet.srcs/sources_1/new/crc.v' instead.
WARNING: [Project 1-312] File not found as 'C:/Users/DELL/Desktop/CW4.team/adc_8channel V2/adc_ethernet_v3.1.1/adc_ethernet/adc_ethernet.srcs/sources_1/new/gmii_rx_buffer.v'; using path 'C:/Users/DELL/Desktop/CW4.team/adc_ethernet_v3.1.1/adc_ethernet/adc_ethernet.srcs/sources_1/new/gmii_rx_buffer.v' instead.
WARNING: [Project 1-312] File not found as 'C:/Users/DELL/Desktop/CW4.team/adc_8channel V2/adc_ethernet_v3.1.1/adc_ethernet/adc_ethernet.srcs/sources_1/new/gmii_tx_buffer.v'; using path 'C:/Users/DELL/Desktop/CW4.team/adc_ethernet_v3.1.1/adc_ethernet/adc_ethernet.srcs/sources_1/new/gmii_tx_buffer.v' instead.
WARNING: [Project 1-312] File not found as 'C:/Users/DELL/Desktop/CW4.team/adc_8channel V2/adc_ethernet_v3.1.1/adc_ethernet/adc_ethernet.srcs/sources_1/new/icmp_reply.v'; using path 'C:/Users/DELL/Desktop/CW4.team/adc_ethernet_v3.1.1/adc_ethernet/adc_ethernet.srcs/sources_1/new/icmp_reply.v' instead.
WARNING: [Project 1-312] File not found as 'C:/Users/DELL/Desktop/CW4.team/adc_8channel V2/adc_ethernet_v3.1.1/adc_ethernet/adc_ethernet.srcs/sources_1/new/ip_rx.v'; using path 'C:/Users/DELL/Desktop/CW4.team/adc_ethernet_v3.1.1/adc_ethernet/adc_ethernet.srcs/sources_1/new/ip_rx.v' instead.
WARNING: [Project 1-312] File not found as 'C:/Users/DELL/Desktop/CW4.team/adc_8channel V2/adc_ethernet_v3.1.1/adc_ethernet/adc_ethernet.srcs/sources_1/new/ip_tx.v'; using path 'C:/Users/DELL/Desktop/CW4.team/adc_ethernet_v3.1.1/adc_ethernet/adc_ethernet.srcs/sources_1/new/ip_tx.v' instead.
WARNING: [Project 1-312] File not found as 'C:/Users/DELL/Desktop/CW4.team/adc_8channel V2/adc_ethernet_v3.1.1/adc_ethernet/adc_ethernet.srcs/sources_1/new/ip_tx_mode.v'; using path 'C:/Users/DELL/Desktop/CW4.team/adc_ethernet_v3.1.1/adc_ethernet/adc_ethernet.srcs/sources_1/new/ip_tx_mode.v' instead.
WARNING: [Project 1-312] File not found as 'C:/Users/DELL/Desktop/CW4.team/adc_8channel V2/adc_ethernet_v3.1.1/adc_ethernet/adc_ethernet.srcs/sources_1/new/mac_rx.v'; using path 'C:/Users/DELL/Desktop/CW4.team/adc_ethernet_v3.1.1/adc_ethernet/adc_ethernet.srcs/sources_1/new/mac_rx.v' instead.
WARNING: [Project 1-312] File not found as 'C:/Users/DELL/Desktop/CW4.team/adc_8channel V2/adc_ethernet_v3.1.1/adc_ethernet/adc_ethernet.srcs/sources_1/new/mac_rx_top.v'; using path 'C:/Users/DELL/Desktop/CW4.team/adc_ethernet_v3.1.1/adc_ethernet/adc_ethernet.srcs/sources_1/new/mac_rx_top.v' instead.
WARNING: [Project 1-312] File not found as 'C:/Users/DELL/Desktop/CW4.team/adc_8channel V2/adc_ethernet_v3.1.1/adc_ethernet/adc_ethernet.srcs/sources_1/new/mac_test.v'; using path 'C:/Users/DELL/Desktop/CW4.team/adc_ethernet_v3.1.1/adc_ethernet/adc_ethernet.srcs/sources_1/new/mac_test.v' instead.
WARNING: [Project 1-312] File not found as 'C:/Users/DELL/Desktop/CW4.team/adc_8channel V2/adc_ethernet_v3.1.1/adc_ethernet/adc_ethernet.srcs/sources_1/new/mac_top.v'; using path 'C:/Users/DELL/Desktop/CW4.team/adc_ethernet_v3.1.1/adc_ethernet/adc_ethernet.srcs/sources_1/new/mac_top.v' instead.
WARNING: [Project 1-312] File not found as 'C:/Users/DELL/Desktop/CW4.team/adc_8channel V2/adc_ethernet_v3.1.1/adc_ethernet/adc_ethernet.srcs/sources_1/new/mac_tx.v'; using path 'C:/Users/DELL/Desktop/CW4.team/adc_ethernet_v3.1.1/adc_ethernet/adc_ethernet.srcs/sources_1/new/mac_tx.v' instead.
WARNING: [Project 1-312] File not found as 'C:/Users/DELL/Desktop/CW4.team/adc_8channel V2/adc_ethernet_v3.1.1/adc_ethernet/adc_ethernet.srcs/sources_1/new/mac_tx_mode.v'; using path 'C:/Users/DELL/Desktop/CW4.team/adc_ethernet_v3.1.1/adc_ethernet/adc_ethernet.srcs/sources_1/new/mac_tx_mode.v' instead.
WARNING: [Project 1-312] File not found as 'C:/Users/DELL/Desktop/CW4.team/adc_8channel V2/adc_ethernet_v3.1.1/adc_ethernet/adc_ethernet.srcs/sources_1/new/mac_tx_top.v'; using path 'C:/Users/DELL/Desktop/CW4.team/adc_ethernet_v3.1.1/adc_ethernet/adc_ethernet.srcs/sources_1/new/mac_tx_top.v' instead.
WARNING: [Project 1-312] File not found as 'C:/Users/DELL/Desktop/CW4.team/adc_8channel V2/adc_ethernet_v3.1.1/adc_ethernet/adc_ethernet.srcs/sources_1/new/smi_config.v'; using path 'C:/Users/DELL/Desktop/CW4.team/adc_ethernet_v3.1.1/adc_ethernet/adc_ethernet.srcs/sources_1/new/smi_config.v' instead.
WARNING: [Project 1-312] File not found as 'C:/Users/DELL/Desktop/CW4.team/adc_8channel V2/adc_ethernet_v3.1.1/adc_ethernet/adc_ethernet.srcs/sources_1/new/smi_read_write.v'; using path 'C:/Users/DELL/Desktop/CW4.team/adc_ethernet_v3.1.1/adc_ethernet/adc_ethernet.srcs/sources_1/new/smi_read_write.v' instead.
WARNING: [Project 1-312] File not found as 'C:/Users/DELL/Desktop/CW4.team/adc_8channel V2/adc_ethernet_v3.1.1/adc_ethernet/adc_ethernet.srcs/sources_1/new/udp_rx.v'; using path 'C:/Users/DELL/Desktop/CW4.team/adc_ethernet_v3.1.1/adc_ethernet/adc_ethernet.srcs/sources_1/new/udp_rx.v' instead.
WARNING: [Project 1-312] File not found as 'C:/Users/DELL/Desktop/CW4.team/adc_8channel V2/adc_ethernet_v3.1.1/adc_ethernet/adc_ethernet.srcs/sources_1/new/udp_tx.v'; using path 'C:/Users/DELL/Desktop/CW4.team/adc_ethernet_v3.1.1/adc_ethernet/adc_ethernet.srcs/sources_1/new/udp_tx.v' instead.
WARNING: [Project 1-312] File not found as 'C:/Users/DELL/Desktop/CW4.team/adc_8channel V2/adc_ethernet_v3.1.1/adc_ethernet/adc_ethernet.srcs/sources_1/new/util_gmii_to_rgmii.v'; using path 'C:/Users/DELL/Desktop/CW4.team/adc_ethernet_v3.1.1/adc_ethernet/adc_ethernet.srcs/sources_1/new/util_gmii_to_rgmii.v' instead.
Scanning sources...
Finished scanning sources
WARNING: [Project 1-312] File not found as 'C:/Users/DELL/Desktop/CW4.team/adc_8channel V2/adc_ethernet_v3.1.1/adc_ethernet/adc_ethernet.srcs/sources_1/new/arp_cache.v'; using path 'C:/Users/DELL/Desktop/CW4.team/adc_ethernet_v3.1.1/adc_ethernet/adc_ethernet.srcs/sources_1/new/arp_cache.v' instead.
WARNING: [Project 1-312] File not found as 'C:/Users/DELL/Desktop/CW4.team/adc_8channel V2/adc_ethernet_v3.1.1/adc_ethernet/adc_ethernet.srcs/sources_1/new/arp_rx.v'; using path 'C:/Users/DELL/Desktop/CW4.team/adc_ethernet_v3.1.1/adc_ethernet/adc_ethernet.srcs/sources_1/new/arp_rx.v' instead.
WARNING: [Project 1-312] File not found as 'C:/Users/DELL/Desktop/CW4.team/adc_8channel V2/adc_ethernet_v3.1.1/adc_ethernet/adc_ethernet.srcs/sources_1/new/arp_tx.v'; using path 'C:/Users/DELL/Desktop/CW4.team/adc_ethernet_v3.1.1/adc_ethernet/adc_ethernet.srcs/sources_1/new/arp_tx.v' instead.
WARNING: [Project 1-312] File not found as 'C:/Users/DELL/Desktop/CW4.team/adc_8channel V2/adc_ethernet_v3.1.1/adc_ethernet/adc_ethernet.srcs/sources_1/new/crc.v'; using path 'C:/Users/DELL/Desktop/CW4.team/adc_ethernet_v3.1.1/adc_ethernet/adc_ethernet.srcs/sources_1/new/crc.v' instead.
WARNING: [Project 1-312] File not found as 'C:/Users/DELL/Desktop/CW4.team/adc_8channel V2/adc_ethernet_v3.1.1/adc_ethernet/adc_ethernet.srcs/sources_1/new/gmii_rx_buffer.v'; using path 'C:/Users/DELL/Desktop/CW4.team/adc_ethernet_v3.1.1/adc_ethernet/adc_ethernet.srcs/sources_1/new/gmii_rx_buffer.v' instead.
WARNING: [Project 1-312] File not found as 'C:/Users/DELL/Desktop/CW4.team/adc_8channel V2/adc_ethernet_v3.1.1/adc_ethernet/adc_ethernet.srcs/sources_1/new/gmii_tx_buffer.v'; using path 'C:/Users/DELL/Desktop/CW4.team/adc_ethernet_v3.1.1/adc_ethernet/adc_ethernet.srcs/sources_1/new/gmii_tx_buffer.v' instead.
WARNING: [Project 1-312] File not found as 'C:/Users/DELL/Desktop/CW4.team/adc_8channel V2/adc_ethernet_v3.1.1/adc_ethernet/adc_ethernet.srcs/sources_1/new/icmp_reply.v'; using path 'C:/Users/DELL/Desktop/CW4.team/adc_ethernet_v3.1.1/adc_ethernet/adc_ethernet.srcs/sources_1/new/icmp_reply.v' instead.
WARNING: [Project 1-312] File not found as 'C:/Users/DELL/Desktop/CW4.team/adc_8channel V2/adc_ethernet_v3.1.1/adc_ethernet/adc_ethernet.srcs/sources_1/new/ip_rx.v'; using path 'C:/Users/DELL/Desktop/CW4.team/adc_ethernet_v3.1.1/adc_ethernet/adc_ethernet.srcs/sources_1/new/ip_rx.v' instead.
WARNING: [Project 1-312] File not found as 'C:/Users/DELL/Desktop/CW4.team/adc_8channel V2/adc_ethernet_v3.1.1/adc_ethernet/adc_ethernet.srcs/sources_1/new/ip_tx.v'; using path 'C:/Users/DELL/Desktop/CW4.team/adc_ethernet_v3.1.1/adc_ethernet/adc_ethernet.srcs/sources_1/new/ip_tx.v' instead.
WARNING: [Project 1-312] File not found as 'C:/Users/DELL/Desktop/CW4.team/adc_8channel V2/adc_ethernet_v3.1.1/adc_ethernet/adc_ethernet.srcs/sources_1/new/ip_tx_mode.v'; using path 'C:/Users/DELL/Desktop/CW4.team/adc_ethernet_v3.1.1/adc_ethernet/adc_ethernet.srcs/sources_1/new/ip_tx_mode.v' instead.
WARNING: [Project 1-312] File not found as 'C:/Users/DELL/Desktop/CW4.team/adc_8channel V2/adc_ethernet_v3.1.1/adc_ethernet/adc_ethernet.srcs/sources_1/new/mac_rx.v'; using path 'C:/Users/DELL/Desktop/CW4.team/adc_ethernet_v3.1.1/adc_ethernet/adc_ethernet.srcs/sources_1/new/mac_rx.v' instead.
WARNING: [Project 1-312] File not found as 'C:/Users/DELL/Desktop/CW4.team/adc_8channel V2/adc_ethernet_v3.1.1/adc_ethernet/adc_ethernet.srcs/sources_1/new/mac_rx_top.v'; using path 'C:/Users/DELL/Desktop/CW4.team/adc_ethernet_v3.1.1/adc_ethernet/adc_ethernet.srcs/sources_1/new/mac_rx_top.v' instead.
WARNING: [Project 1-312] File not found as 'C:/Users/DELL/Desktop/CW4.team/adc_8channel V2/adc_ethernet_v3.1.1/adc_ethernet/adc_ethernet.srcs/sources_1/new/mac_test.v'; using path 'C:/Users/DELL/Desktop/CW4.team/adc_ethernet_v3.1.1/adc_ethernet/adc_ethernet.srcs/sources_1/new/mac_test.v' instead.
WARNING: [Project 1-312] File not found as 'C:/Users/DELL/Desktop/CW4.team/adc_8channel V2/adc_ethernet_v3.1.1/adc_ethernet/adc_ethernet.srcs/sources_1/new/mac_top.v'; using path 'C:/Users/DELL/Desktop/CW4.team/adc_ethernet_v3.1.1/adc_ethernet/adc_ethernet.srcs/sources_1/new/mac_top.v' instead.
WARNING: [Project 1-312] File not found as 'C:/Users/DELL/Desktop/CW4.team/adc_8channel V2/adc_ethernet_v3.1.1/adc_ethernet/adc_ethernet.srcs/sources_1/new/mac_tx.v'; using path 'C:/Users/DELL/Desktop/CW4.team/adc_ethernet_v3.1.1/adc_ethernet/adc_ethernet.srcs/sources_1/new/mac_tx.v' instead.
WARNING: [Project 1-312] File not found as 'C:/Users/DELL/Desktop/CW4.team/adc_8channel V2/adc_ethernet_v3.1.1/adc_ethernet/adc_ethernet.srcs/sources_1/new/mac_tx_mode.v'; using path 'C:/Users/DELL/Desktop/CW4.team/adc_ethernet_v3.1.1/adc_ethernet/adc_ethernet.srcs/sources_1/new/mac_tx_mode.v' instead.
WARNING: [Project 1-312] File not found as 'C:/Users/DELL/Desktop/CW4.team/adc_8channel V2/adc_ethernet_v3.1.1/adc_ethernet/adc_ethernet.srcs/sources_1/new/mac_tx_top.v'; using path 'C:/Users/DELL/Desktop/CW4.team/adc_ethernet_v3.1.1/adc_ethernet/adc_ethernet.srcs/sources_1/new/mac_tx_top.v' instead.
WARNING: [Project 1-312] File not found as 'C:/Users/DELL/Desktop/CW4.team/adc_8channel V2/adc_ethernet_v3.1.1/adc_ethernet/adc_ethernet.srcs/sources_1/new/smi_config.v'; using path 'C:/Users/DELL/Desktop/CW4.team/adc_ethernet_v3.1.1/adc_ethernet/adc_ethernet.srcs/sources_1/new/smi_config.v' instead.
WARNING: [Project 1-312] File not found as 'C:/Users/DELL/Desktop/CW4.team/adc_8channel V2/adc_ethernet_v3.1.1/adc_ethernet/adc_ethernet.srcs/sources_1/new/smi_read_write.v'; using path 'C:/Users/DELL/Desktop/CW4.team/adc_ethernet_v3.1.1/adc_ethernet/adc_ethernet.srcs/sources_1/new/smi_read_write.v' instead.
WARNING: [Project 1-312] File not found as 'C:/Users/DELL/Desktop/CW4.team/adc_8channel V2/adc_ethernet_v3.1.1/adc_ethernet/adc_ethernet.srcs/sources_1/new/udp_rx.v'; using path 'C:/Users/DELL/Desktop/CW4.team/adc_ethernet_v3.1.1/adc_ethernet/adc_ethernet.srcs/sources_1/new/udp_rx.v' instead.
WARNING: [Project 1-312] File not found as 'C:/Users/DELL/Desktop/CW4.team/adc_8channel V2/adc_ethernet_v3.1.1/adc_ethernet/adc_ethernet.srcs/sources_1/new/udp_tx.v'; using path 'C:/Users/DELL/Desktop/CW4.team/adc_ethernet_v3.1.1/adc_ethernet/adc_ethernet.srcs/sources_1/new/udp_tx.v' instead.
WARNING: [Project 1-312] File not found as 'C:/Users/DELL/Desktop/CW4.team/adc_8channel V2/adc_ethernet_v3.1.1/adc_ethernet/adc_ethernet.srcs/sources_1/new/util_gmii_to_rgmii.v'; using path 'C:/Users/DELL/Desktop/CW4.team/adc_ethernet_v3.1.1/adc_ethernet/adc_ethernet.srcs/sources_1/new/util_gmii_to_rgmii.v' instead.
WARNING: [Project 1-312] File not found as 'C:/Users/DELL/Desktop/CW4.team/adc_8channel V2/adc_ethernet_v3.1.1/adc_ethernet/adc_ethernet.srcs/sources_1/new/arp_cache.v'; using path 'C:/Users/DELL/Desktop/CW4.team/adc_ethernet_v3.1.1/adc_ethernet/adc_ethernet.srcs/sources_1/new/arp_cache.v' instead.
WARNING: [Project 1-312] File not found as 'C:/Users/DELL/Desktop/CW4.team/adc_8channel V2/adc_ethernet_v3.1.1/adc_ethernet/adc_ethernet.srcs/sources_1/new/arp_rx.v'; using path 'C:/Users/DELL/Desktop/CW4.team/adc_ethernet_v3.1.1/adc_ethernet/adc_ethernet.srcs/sources_1/new/arp_rx.v' instead.
WARNING: [Project 1-312] File not found as 'C:/Users/DELL/Desktop/CW4.team/adc_8channel V2/adc_ethernet_v3.1.1/adc_ethernet/adc_ethernet.srcs/sources_1/new/arp_tx.v'; using path 'C:/Users/DELL/Desktop/CW4.team/adc_ethernet_v3.1.1/adc_ethernet/adc_ethernet.srcs/sources_1/new/arp_tx.v' instead.
WARNING: [Project 1-312] File not found as 'C:/Users/DELL/Desktop/CW4.team/adc_8channel V2/adc_ethernet_v3.1.1/adc_ethernet/adc_ethernet.srcs/sources_1/new/crc.v'; using path 'C:/Users/DELL/Desktop/CW4.team/adc_ethernet_v3.1.1/adc_ethernet/adc_ethernet.srcs/sources_1/new/crc.v' instead.
WARNING: [Project 1-312] File not found as 'C:/Users/DELL/Desktop/CW4.team/adc_8channel V2/adc_ethernet_v3.1.1/adc_ethernet/adc_ethernet.srcs/sources_1/new/gmii_rx_buffer.v'; using path 'C:/Users/DELL/Desktop/CW4.team/adc_ethernet_v3.1.1/adc_ethernet/adc_ethernet.srcs/sources_1/new/gmii_rx_buffer.v' instead.
WARNING: [Project 1-312] File not found as 'C:/Users/DELL/Desktop/CW4.team/adc_8channel V2/adc_ethernet_v3.1.1/adc_ethernet/adc_ethernet.srcs/sources_1/new/gmii_tx_buffer.v'; using path 'C:/Users/DELL/Desktop/CW4.team/adc_ethernet_v3.1.1/adc_ethernet/adc_ethernet.srcs/sources_1/new/gmii_tx_buffer.v' instead.
WARNING: [Project 1-312] File not found as 'C:/Users/DELL/Desktop/CW4.team/adc_8channel V2/adc_ethernet_v3.1.1/adc_ethernet/adc_ethernet.srcs/sources_1/new/icmp_reply.v'; using path 'C:/Users/DELL/Desktop/CW4.team/adc_ethernet_v3.1.1/adc_ethernet/adc_ethernet.srcs/sources_1/new/icmp_reply.v' instead.
WARNING: [Project 1-312] File not found as 'C:/Users/DELL/Desktop/CW4.team/adc_8channel V2/adc_ethernet_v3.1.1/adc_ethernet/adc_ethernet.srcs/sources_1/new/ip_rx.v'; using path 'C:/Users/DELL/Desktop/CW4.team/adc_ethernet_v3.1.1/adc_ethernet/adc_ethernet.srcs/sources_1/new/ip_rx.v' instead.
WARNING: [Project 1-312] File not found as 'C:/Users/DELL/Desktop/CW4.team/adc_8channel V2/adc_ethernet_v3.1.1/adc_ethernet/adc_ethernet.srcs/sources_1/new/ip_tx.v'; using path 'C:/Users/DELL/Desktop/CW4.team/adc_ethernet_v3.1.1/adc_ethernet/adc_ethernet.srcs/sources_1/new/ip_tx.v' instead.
WARNING: [Project 1-312] File not found as 'C:/Users/DELL/Desktop/CW4.team/adc_8channel V2/adc_ethernet_v3.1.1/adc_ethernet/adc_ethernet.srcs/sources_1/new/ip_tx_mode.v'; using path 'C:/Users/DELL/Desktop/CW4.team/adc_ethernet_v3.1.1/adc_ethernet/adc_ethernet.srcs/sources_1/new/ip_tx_mode.v' instead.
WARNING: [Project 1-312] File not found as 'C:/Users/DELL/Desktop/CW4.team/adc_8channel V2/adc_ethernet_v3.1.1/adc_ethernet/adc_ethernet.srcs/sources_1/new/mac_rx.v'; using path 'C:/Users/DELL/Desktop/CW4.team/adc_ethernet_v3.1.1/adc_ethernet/adc_ethernet.srcs/sources_1/new/mac_rx.v' instead.
WARNING: [Project 1-312] File not found as 'C:/Users/DELL/Desktop/CW4.team/adc_8channel V2/adc_ethernet_v3.1.1/adc_ethernet/adc_ethernet.srcs/sources_1/new/mac_rx_top.v'; using path 'C:/Users/DELL/Desktop/CW4.team/adc_ethernet_v3.1.1/adc_ethernet/adc_ethernet.srcs/sources_1/new/mac_rx_top.v' instead.
WARNING: [Project 1-312] File not found as 'C:/Users/DELL/Desktop/CW4.team/adc_8channel V2/adc_ethernet_v3.1.1/adc_ethernet/adc_ethernet.srcs/sources_1/new/mac_test.v'; using path 'C:/Users/DELL/Desktop/CW4.team/adc_ethernet_v3.1.1/adc_ethernet/adc_ethernet.srcs/sources_1/new/mac_test.v' instead.
WARNING: [Project 1-312] File not found as 'C:/Users/DELL/Desktop/CW4.team/adc_8channel V2/adc_ethernet_v3.1.1/adc_ethernet/adc_ethernet.srcs/sources_1/new/mac_top.v'; using path 'C:/Users/DELL/Desktop/CW4.team/adc_ethernet_v3.1.1/adc_ethernet/adc_ethernet.srcs/sources_1/new/mac_top.v' instead.
WARNING: [Project 1-312] File not found as 'C:/Users/DELL/Desktop/CW4.team/adc_8channel V2/adc_ethernet_v3.1.1/adc_ethernet/adc_ethernet.srcs/sources_1/new/mac_tx.v'; using path 'C:/Users/DELL/Desktop/CW4.team/adc_ethernet_v3.1.1/adc_ethernet/adc_ethernet.srcs/sources_1/new/mac_tx.v' instead.
WARNING: [Project 1-312] File not found as 'C:/Users/DELL/Desktop/CW4.team/adc_8channel V2/adc_ethernet_v3.1.1/adc_ethernet/adc_ethernet.srcs/sources_1/new/mac_tx_mode.v'; using path 'C:/Users/DELL/Desktop/CW4.team/adc_ethernet_v3.1.1/adc_ethernet/adc_ethernet.srcs/sources_1/new/mac_tx_mode.v' instead.
WARNING: [Project 1-312] File not found as 'C:/Users/DELL/Desktop/CW4.team/adc_8channel V2/adc_ethernet_v3.1.1/adc_ethernet/adc_ethernet.srcs/sources_1/new/mac_tx_top.v'; using path 'C:/Users/DELL/Desktop/CW4.team/adc_ethernet_v3.1.1/adc_ethernet/adc_ethernet.srcs/sources_1/new/mac_tx_top.v' instead.
WARNING: [Project 1-312] File not found as 'C:/Users/DELL/Desktop/CW4.team/adc_8channel V2/adc_ethernet_v3.1.1/adc_ethernet/adc_ethernet.srcs/sources_1/new/smi_config.v'; using path 'C:/Users/DELL/Desktop/CW4.team/adc_ethernet_v3.1.1/adc_ethernet/adc_ethernet.srcs/sources_1/new/smi_config.v' instead.
WARNING: [Project 1-312] File not found as 'C:/Users/DELL/Desktop/CW4.team/adc_8channel V2/adc_ethernet_v3.1.1/adc_ethernet/adc_ethernet.srcs/sources_1/new/smi_read_write.v'; using path 'C:/Users/DELL/Desktop/CW4.team/adc_ethernet_v3.1.1/adc_ethernet/adc_ethernet.srcs/sources_1/new/smi_read_write.v' instead.
WARNING: [Project 1-312] File not found as 'C:/Users/DELL/Desktop/CW4.team/adc_8channel V2/adc_ethernet_v3.1.1/adc_ethernet/adc_ethernet.srcs/sources_1/new/udp_rx.v'; using path 'C:/Users/DELL/Desktop/CW4.team/adc_ethernet_v3.1.1/adc_ethernet/adc_ethernet.srcs/sources_1/new/udp_rx.v' instead.
WARNING: [Project 1-312] File not found as 'C:/Users/DELL/Desktop/CW4.team/adc_8channel V2/adc_ethernet_v3.1.1/adc_ethernet/adc_ethernet.srcs/sources_1/new/udp_tx.v'; using path 'C:/Users/DELL/Desktop/CW4.team/adc_ethernet_v3.1.1/adc_ethernet/adc_ethernet.srcs/sources_1/new/udp_tx.v' instead.
WARNING: [Project 1-312] File not found as 'C:/Users/DELL/Desktop/CW4.team/adc_8channel V2/adc_ethernet_v3.1.1/adc_ethernet/adc_ethernet.srcs/sources_1/new/util_gmii_to_rgmii.v'; using path 'C:/Users/DELL/Desktop/CW4.team/adc_ethernet_v3.1.1/adc_ethernet/adc_ethernet.srcs/sources_1/new/util_gmii_to_rgmii.v' instead.
INFO: [IP_Flow 19-234] Refreshing IP repositories
INFO: [IP_Flow 19-1704] No user IP repositories specified
INFO: [IP_Flow 19-2313] Loaded Vivado IP repository 'F:/Xilinx/Vivado/2017.4/data/ip'.
open_project: Time (s): cpu = 00:00:07 ; elapsed = 00:00:17 . Memory (MB): peak = 1036.590 ; gain = 321.766
update_compile_order -fileset sources_1
exit
INFO: [Common 17-206] Exiting Vivado at Wed Aug 21 12:56:14 2024...
r url TCP:localhost:3121
open_hw_target
INFO: [Labtoolstcl 44-466] Opening hw_target localhost:3121/xilinx_tcf/Digilent/210512180081
set_property PROGRAM.FILE {C:/Users/DELL/Desktop/CW4.team/adc_8channel V2/adc_8channel_sd_eth_1600_v1/adc_8channel/adc_8channel.runs/impl_1/top.bit} [get_hw_devices xcku040_0]
set_property PROBES.FILE {C:/Users/DELL/Desktop/CW4.team/adc_8channel V2/adc_8channel_sd_eth_1600_v1/adc_8channel/adc_8channel.runs/impl_1/top.ltx} [get_hw_devices xcku040_0]
set_property FULL_PROBES.FILE {C:/Users/DELL/Desktop/CW4.team/adc_8channel V2/adc_8channel_sd_eth_1600_v1/adc_8channel/adc_8channel.runs/impl_1/top.ltx} [get_hw_devices xcku040_0]
current_hw_device [get_hw_devices xcku040_0]
refresh_hw_device [lindex [get_hw_devices xcku040_0] 0]
INFO: [Labtools 27-2302] Device xcku040 (JTAG device index = 0) is programmed with a design that has 21 ILA core(s).
create_hw_cfgmem -hw_device [lindex [get_hw_devices] 0] -mem_dev [lindex [get_cfgmem_parts {mt25ql128-spi-x1_x2_x4}] 0]
refresh_hw_device: Time (s): cpu = 00:00:08 ; elapsed = 00:00:12 . Memory (MB): peak = 1922.500 ; gain = 221.074
display_hw_ila_data [ get_hw_ila_data hw_ila_data_1 -of_objects [get_hw_ilas -of_objects [get_hw_devices xcku040_0] -filter {CELL_NAME=~"data/adc_A_data_package/uut_3"}]]
INFO: [Labtools 27-3304] ILA Waveform data saved to file C:/Users/DELL/Desktop/CW4.team/adc_8channel V2/adc_8channel_sd_eth_1600_v1/adc_8channel/adc_8channel.hw/backup/hw_ila_data_1.ila. Use Tcl command 'import_hw_ila_data' or Vivado File->Import->Import ILA Data menu item to import the previously saved data.
display_hw_ila_data [ get_hw_ila_data hw_ila_data_2 -of_objects [get_hw_ilas -of_objects [get_hw_devices xcku040_0] -filter {CELL_NAME=~"data/adc_A_data_sample/uut_0"}]]
INFO: [Labtools 27-3304] ILA Waveform data saved to file C:/Users/DELL/Desktop/CW4.team/adc_8channel V2/adc_8channel_sd_eth_1600_v1/adc_8channel/adc_8channel.hw/backup/hw_ila_data_2.ila. Use Tcl command 'import_hw_ila_data' or Vivado File->Import->Import ILA Data menu item to import the previously saved data.
display_hw_ila_data [ get_hw_ila_data hw_ila_data_3 -of_objects [get_hw_ilas -of_objects [get_hw_devices xcku040_0] -filter {CELL_NAME=~"data/adc_B_data_package/uut_3"}]]
INFO: [Labtools 27-3304] ILA Waveform data saved to file C:/Users/DELL/Desktop/CW4.team/adc_8channel V2/adc_8channel_sd_eth_1600_v1/adc_8channel/adc_8channel.hw/backup/hw_ila_data_3.ila. Use Tcl command 'import_hw_ila_data' or Vivado File->Import->Import ILA Data menu item to import the previously saved data.
display_hw_ila_data [ get_hw_ila_data hw_ila_data_4 -of_objects [get_hw_ilas -of_objects [get_hw_devices xcku040_0] -filter {CELL_NAME=~"data/adc_B_data_sample/uut_0"}]]
INFO: [Labtools 27-3304] ILA Waveform data saved to file C:/Users/DELL/Desktop/CW4.team/adc_8channel V2/adc_8channel_sd_eth_1600_v1/adc_8channel/adc_8channel.hw/backup/hw_ila_data_4.ila. Use Tcl command 'import_hw_ila_data' or Vivado File->Import->Import ILA Data menu item to import the previously saved data.
display_hw_ila_data [ get_hw_ila_data hw_ila_data_5 -of_objects [get_hw_ilas -of_objects [get_hw_devices xcku040_0] -filter {CELL_NAME=~"data/adc_C_data_package/uut_3"}]]
INFO: [Labtools 27-3304] ILA Waveform data saved to file C:/Users/DELL/Desktop/CW4.team/adc_8channel V2/adc_8channel_sd_eth_1600_v1/adc_8channel/adc_8channel.hw/backup/hw_ila_data_5.ila. Use Tcl command 'import_hw_ila_data' or Vivado File->Import->Import ILA Data menu item to import the previously saved data.
display_hw_ila_data [ get_hw_ila_data hw_ila_data_6 -of_objects [get_hw_ilas -of_objects [get_hw_devices xcku040_0] -filter {CELL_NAME=~"data/adc_C_data_sample/uut_0"}]]
INFO: [Labtools 27-3304] ILA Waveform data saved to file C:/Users/DELL/Desktop/CW4.team/adc_8channel V2/adc_8channel_sd_eth_1600_v1/adc_8channel/adc_8channel.hw/backup/hw_ila_data_6.ila. Use Tcl command 'import_hw_ila_data' or Vivado File->Import->Import ILA Data menu item to import the previously saved data.
display_hw_ila_data [ get_hw_ila_data hw_ila_data_7 -of_objects [get_hw_ilas -of_objects [get_hw_devices xcku040_0] -filter {CELL_NAME=~"data/adc_D_data_package/uut_3"}]]
INFO: [Labtools 27-3304] ILA Waveform data saved to file C:/Users/DELL/Desktop/CW4.team/adc_8channel V2/adc_8channel_sd_eth_1600_v1/adc_8channel/adc_8channel.hw/backup/hw_ila_data_7.ila. Use Tcl command 'import_hw_ila_data' or Vivado File->Import->Import ILA Data menu item to import the previously saved data.
display_hw_ila_data [ get_hw_ila_data hw_ila_data_8 -of_objects [get_hw_ilas -of_objects [get_hw_devices xcku040_0] -filter {CELL_NAME=~"data/adc_D_data_sample/uut_0"}]]
INFO: [Labtools 27-3304] ILA Waveform data saved to file C:/Users/DELL/Desktop/CW4.team/adc_8channel V2/adc_8channel_sd_eth_1600_v1/adc_8channel/adc_8channel.hw/backup/hw_ila_data_8.ila. Use Tcl command 'import_hw_ila_data' or Vivado File->Import->Import ILA Data menu item to import the previously saved data.
display_hw_ila_data [ get_hw_ila_data hw_ila_data_9 -of_objects [get_hw_ilas -of_objects [get_hw_devices xcku040_0] -filter {CELL_NAME=~"data/adc_E_data_package/uut_3"}]]
INFO: [Labtools 27-3304] ILA Waveform data saved to file C:/Users/DELL/Desktop/CW4.team/adc_8channel V2/adc_8channel_sd_eth_1600_v1/adc_8channel/adc_8channel.hw/backup/hw_ila_data_9.ila. Use Tcl command 'import_hw_ila_data' or Vivado File->Import->Import ILA Data menu item to import the previously saved data.
display_hw_ila_data [ get_hw_ila_data hw_ila_data_10 -of_objects [get_hw_ilas -of_objects [get_hw_devices xcku040_0] -filter {CELL_NAME=~"data/adc_E_data_sample/uut_0"}]]
INFO: [Labtools 27-3304] ILA Waveform data saved to file C:/Users/DELL/Desktop/CW4.team/adc_8channel V2/adc_8channel_sd_eth_1600_v1/adc_8channel/adc_8channel.hw/backup/hw_ila_data_10.ila. Use Tcl command 'import_hw_ila_data' or Vivado File->Import->Import ILA Data menu item to import the previously saved data.
display_hw_ila_data [ get_hw_ila_data hw_ila_data_11 -of_objects [get_hw_ilas -of_objects [get_hw_devices xcku040_0] -filter {CELL_NAME=~"data/adc_F_data_package/uut_3"}]]
INFO: [Labtools 27-3304] ILA Waveform data saved to file C:/Users/DELL/Desktop/CW4.team/adc_8channel V2/adc_8channel_sd_eth_1600_v1/adc_8channel/adc_8channel.hw/backup/hw_ila_data_11.ila. Use Tcl command 'import_hw_ila_data' or Vivado File->Import->Import ILA Data menu item to import the previously saved data.
display_hw_ila_data [ get_hw_ila_data hw_ila_data_12 -of_objects [get_hw_ilas -of_objects [get_hw_devices xcku040_0] -filter {CELL_NAME=~"data/adc_F_data_sample/uut_0"}]]
INFO: [Labtools 27-3304] ILA Waveform data saved to file C:/Users/DELL/Desktop/CW4.team/adc_8channel V2/adc_8channel_sd_eth_1600_v1/adc_8channel/adc_8channel.hw/backup/hw_ila_data_12.ila. Use Tcl command 'import_hw_ila_data' or Vivado File->Import->Import ILA Data menu item to import the previously saved data.
display_hw_ila_data [ get_hw_ila_data hw_ila_data_13 -of_objects [get_hw_ilas -of_objects [get_hw_devices xcku040_0] -filter {CELL_NAME=~"data/adc_G_data_package/uut_3"}]]
INFO: [Labtools 27-3304] ILA Waveform data saved to file C:/Users/DELL/Desktop/CW4.team/adc_8channel V2/adc_8channel_sd_eth_1600_v1/adc_8channel/adc_8channel.hw/backup/hw_ila_data_13.ila. Use Tcl command 'import_hw_ila_data' or Vivado File->Import->Import ILA Data menu item to import the previously saved data.
display_hw_ila_data [ get_hw_ila_data hw_ila_data_14 -of_objects [get_hw_ilas -of_objects [get_hw_devices xcku040_0] -filter {CELL_NAME=~"data/adc_G_data_sample/uut_0"}]]
INFO: [Labtools 27-3304] ILA Waveform data saved to file C:/Users/DELL/Desktop/CW4.team/adc_8channel V2/adc_8channel_sd_eth_1600_v1/adc_8channel/adc_8channel.hw/backup/hw_ila_data_14.ila. Use Tcl command 'import_hw_ila_data' or Vivado File->Import->Import ILA Data menu item to import the previously saved data.
display_hw_ila_data [ get_hw_ila_data hw_ila_data_15 -of_objects [get_hw_ilas -of_objects [get_hw_devices xcku040_0] -filter {CELL_NAME=~"data/adc_H_data_package/uut_3"}]]
INFO: [Labtools 27-3304] ILA Waveform data saved to file C:/Users/DELL/Desktop/CW4.team/adc_8channel V2/adc_8channel_sd_eth_1600_v1/adc_8channel/adc_8channel.hw/backup/hw_ila_data_15.ila. Use Tcl command 'import_hw_ila_data' or Vivado File->Import->Import ILA Data menu item to import the previously saved data.
display_hw_ila_data [ get_hw_ila_data hw_ila_data_16 -of_objects [get_hw_ilas -of_objects [get_hw_devices xcku040_0] -filter {CELL_NAME=~"data/adc_H_data_sample/uut_0"}]]
INFO: [Labtools 27-3304] ILA Waveform data saved to file C:/Users/DELL/Desktop/CW4.team/adc_8channel V2/adc_8channel_sd_eth_1600_v1/adc_8channel/adc_8channel.hw/backup/hw_ila_data_16.ila. Use Tcl command 'import_hw_ila_data' or Vivado File->Import->Import ILA Data menu item to import the previously saved data.
display_hw_ila_data [ get_hw_ila_data hw_ila_data_17 -of_objects [get_hw_ilas -of_objects [get_hw_devices xcku040_0] -filter {CELL_NAME=~"data/uut_1"}]]
INFO: [Labtools 27-3304] ILA Waveform data saved to file C:/Users/DELL/Desktop/CW4.team/adc_8channel V2/adc_8channel_sd_eth_1600_v1/adc_8channel/adc_8channel.hw/backup/hw_ila_data_17.ila. Use Tcl command 'import_hw_ila_data' or Vivado File->Import->Import ILA Data menu item to import the previously saved data.
display_hw_ila_data [ get_hw_ila_data hw_ila_data_18 -of_objects [get_hw_ilas -of_objects [get_hw_devices xcku040_0] -filter {CELL_NAME=~"ethernet2/eth2/mac_test0/mac_top0/mac_tx0/udp0/ustm"}]]
INFO: [Labtools 27-3304] ILA Waveform data saved to file C:/Users/DELL/Desktop/CW4.team/adc_8channel V2/adc_8channel_sd_eth_1600_v1/adc_8channel/adc_8channel.hw/backup/hw_ila_data_18.ila. Use Tcl command 'import_hw_ila_data' or Vivado File->Import->Import ILA Data menu item to import the previously saved data.
display_hw_ila_data [ get_hw_ila_data hw_ila_data_19 -of_objects [get_hw_ilas -of_objects [get_hw_devices xcku040_0] -filter {CELL_NAME=~"ethernet2/eth2/mac_test0/urtss"}]]
INFO: [Labtools 27-3304] ILA Waveform data saved to file C:/Users/DELL/Desktop/CW4.team/adc_8channel V2/adc_8channel_sd_eth_1600_v1/adc_8channel/adc_8channel.hw/backup/hw_ila_data_19.ila. Use Tcl command 'import_hw_ila_data' or Vivado File->Import->Import ILA Data menu item to import the previously saved data.
display_hw_ila_data [ get_hw_ila_data hw_ila_data_20 -of_objects [get_hw_ilas -of_objects [get_hw_devices xcku040_0] -filter {CELL_NAME=~"wr_sd/ila_m0"}]]
INFO: [Labtools 27-3304] ILA Waveform data saved to file C:/Users/DELL/Desktop/CW4.team/adc_8channel V2/adc_8channel_sd_eth_1600_v1/adc_8channel/adc_8channel.hw/backup/hw_ila_data_20.ila. Use Tcl command 'import_hw_ila_data' or Vivado File->Import->Import ILA Data menu item to import the previously saved data.
display_hw_ila_data [ get_hw_ila_data hw_ila_data_21 -of_objects [get_hw_ilas -of_objects [get_hw_devices xcku040_0] -filter {CELL_NAME=~"wr_sd/sd_card_top_m0/sd_card_sec_read_write_m0/sd"}]]
INFO: [Labtools 27-3304] ILA Waveform data saved to file C:/Users/DELL/Desktop/CW4.team/adc_8channel V2/adc_8channel_sd_eth_1600_v1/adc_8channel/adc_8channel.hw/backup/hw_ila_data_21.ila. Use Tcl command 'import_hw_ila_data' or Vivado File->Import->Import ILA Data menu item to import the previously saved data.
set_property PROBES.FILE {C:/Users/DELL/Desktop/CW4.team/adc_8channel V2/adc_8channel_sd_eth_1600_v1/adc_8channel/adc_8channel.runs/impl_1/top.ltx} [get_hw_devices xcku040_0]
set_property FULL_PROBES.FILE {C:/Users/DELL/Desktop/CW4.team/adc_8channel V2/adc_8channel_sd_eth_1600_v1/adc_8channel/adc_8channel.runs/impl_1/top.ltx} [get_hw_devices xcku040_0]
set_property PROGRAM.FILE {C:/Users/DELL/Desktop/CW4.team/adc_8channel V2/adc_8channel_sd_eth_1600_v1/adc_8channel/adc_8channel.runs/impl_1/top.bit} [get_hw_devices xcku040_0]
program_hw_devices [get_hw_devices xcku040_0]
INFO: [Labtools 27-3164] End of startup status: HIGH
program_hw_devices: Time (s): cpu = 00:00:04 ; elapsed = 00:00:08 . Memory (MB): peak = 1991.723 ; gain = 0.000
refresh_hw_device [lindex [get_hw_devices xcku040_0] 0]
INFO: [Labtools 27-2302] Device xcku040 (JTAG device index = 0) is programmed with a design that has 21 ILA core(s).
INFO: [Labtools 27-3304] ILA Waveform data saved to file C:/Users/DELL/Desktop/CW4.team/adc_8channel V2/adc_8channel_sd_eth_1600_v1/adc_8channel/adc_8channel.hw/backup/hw_ila_data_1.ila. Use Tcl command 'import_hw_ila_data' or Vivado File->Import->Import ILA Data menu item to import the previously saved data.
INFO: [Labtools 27-3304] ILA Waveform data saved to file C:/Users/DELL/Desktop/CW4.team/adc_8channel V2/adc_8channel_sd_eth_1600_v1/adc_8channel/adc_8channel.hw/backup/hw_ila_data_2.ila. Use Tcl command 'import_hw_ila_data' or Vivado File->Import->Import ILA Data menu item to import the previously saved data.
INFO: [Labtools 27-3304] ILA Waveform data saved to file C:/Users/DELL/Desktop/CW4.team/adc_8channel V2/adc_8channel_sd_eth_1600_v1/adc_8channel/adc_8channel.hw/backup/hw_ila_data_3.ila. Use Tcl command 'import_hw_ila_data' or Vivado File->Import->Import ILA Data menu item to import the previously saved data.
INFO: [Labtools 27-3304] ILA Waveform data saved to file C:/Users/DELL/Desktop/CW4.team/adc_8channel V2/adc_8channel_sd_eth_1600_v1/adc_8channel/adc_8channel.hw/backup/hw_ila_data_4.ila. Use Tcl command 'import_hw_ila_data' or Vivado File->Import->Import ILA Data menu item to import the previously saved data.
INFO: [Labtools 27-3304] ILA Waveform data saved to file C:/Users/DELL/Desktop/CW4.team/adc_8channel V2/adc_8channel_sd_eth_1600_v1/adc_8channel/adc_8channel.hw/backup/hw_ila_data_5.ila. Use Tcl command 'import_hw_ila_data' or Vivado File->Import->Import ILA Data menu item to import the previously saved data.
INFO: [Labtools 27-3304] ILA Waveform data saved to file C:/Users/DELL/Desktop/CW4.team/adc_8channel V2/adc_8channel_sd_eth_1600_v1/adc_8channel/adc_8channel.hw/backup/hw_ila_data_6.ila. Use Tcl command 'import_hw_ila_data' or Vivado File->Import->Import ILA Data menu item to import the previously saved data.
INFO: [Labtools 27-3304] ILA Waveform data saved to file C:/Users/DELL/Desktop/CW4.team/adc_8channel V2/adc_8channel_sd_eth_1600_v1/adc_8channel/adc_8channel.hw/backup/hw_ila_data_7.ila. Use Tcl command 'import_hw_ila_data' or Vivado File->Import->Import ILA Data menu item to import the previously saved data.
INFO: [Labtools 27-3304] ILA Waveform data saved to file C:/Users/DELL/Desktop/CW4.team/adc_8channel V2/adc_8channel_sd_eth_1600_v1/adc_8channel/adc_8channel.hw/backup/hw_ila_data_8.ila. Use Tcl command 'import_hw_ila_data' or Vivado File->Import->Import ILA Data menu item to import the previously saved data.
INFO: [Labtools 27-3304] ILA Waveform data saved to file C:/Users/DELL/Desktop/CW4.team/adc_8channel V2/adc_8channel_sd_eth_1600_v1/adc_8channel/adc_8channel.hw/backup/hw_ila_data_9.ila. Use Tcl command 'import_hw_ila_data' or Vivado File->Import->Import ILA Data menu item to import the previously saved data.
INFO: [Labtools 27-3304] ILA Waveform data saved to file C:/Users/DELL/Desktop/CW4.team/adc_8channel V2/adc_8channel_sd_eth_1600_v1/adc_8channel/adc_8channel.hw/backup/hw_ila_data_10.ila. Use Tcl command 'import_hw_ila_data' or Vivado File->Import->Import ILA Data menu item to import the previously saved data.
INFO: [Labtools 27-3304] ILA Waveform data saved to file C:/Users/DELL/Desktop/CW4.team/adc_8channel V2/adc_8channel_sd_eth_1600_v1/adc_8channel/adc_8channel.hw/backup/hw_ila_data_11.ila. Use Tcl command 'import_hw_ila_data' or Vivado File->Import->Import ILA Data menu item to import the previously saved data.
INFO: [Labtools 27-3304] ILA Waveform data saved to file C:/Users/DELL/Desktop/CW4.team/adc_8channel V2/adc_8channel_sd_eth_1600_v1/adc_8channel/adc_8channel.hw/backup/hw_ila_data_12.ila. Use Tcl command 'import_hw_ila_data' or Vivado File->Import->Import ILA Data menu item to import the previously saved data.
INFO: [Labtools 27-3304] ILA Waveform data saved to file C:/Users/DELL/Desktop/CW4.team/adc_8channel V2/adc_8channel_sd_eth_1600_v1/adc_8channel/adc_8channel.hw/backup/hw_ila_data_13.ila. Use Tcl command 'import_hw_ila_data' or Vivado File->Import->Import ILA Data menu item to import the previously saved data.
INFO: [Labtools 27-3304] ILA Waveform data saved to file C:/Users/DELL/Desktop/CW4.team/adc_8channel V2/adc_8channel_sd_eth_1600_v1/adc_8channel/adc_8channel.hw/backup/hw_ila_data_14.ila. Use Tcl command 'import_hw_ila_data' or Vivado File->Import->Import ILA Data menu item to import the previously saved data.
INFO: [Labtools 27-3304] ILA Waveform data saved to file C:/Users/DELL/Desktop/CW4.team/adc_8channel V2/adc_8channel_sd_eth_1600_v1/adc_8channel/adc_8channel.hw/backup/hw_ila_data_15.ila. Use Tcl command 'import_hw_ila_data' or Vivado File->Import->Import ILA Data menu item to import the previously saved data.
INFO: [Labtools 27-3304] ILA Waveform data saved to file C:/Users/DELL/Desktop/CW4.team/adc_8channel V2/adc_8channel_sd_eth_1600_v1/adc_8channel/adc_8channel.hw/backup/hw_ila_data_16.ila. Use Tcl command 'import_hw_ila_data' or Vivado File->Import->Import ILA Data menu item to import the previously saved data.
INFO: [Labtools 27-3304] ILA Waveform data saved to file C:/Users/DELL/Desktop/CW4.team/adc_8channel V2/adc_8channel_sd_eth_1600_v1/adc_8channel/adc_8channel.hw/backup/hw_ila_data_17.ila. Use Tcl command 'import_hw_ila_data' or Vivado File->Import->Import ILA Data menu item to import the previously saved data.
INFO: [Labtools 27-3304] ILA Waveform data saved to file C:/Users/DELL/Desktop/CW4.team/adc_8channel V2/adc_8channel_sd_eth_1600_v1/adc_8channel/adc_8channel.hw/backup/hw_ila_data_18.ila. Use Tcl command 'import_hw_ila_data' or Vivado File->Import->Import ILA Data menu item to import the previously saved data.
INFO: [Labtools 27-3304] ILA Waveform data saved to file C:/Users/DELL/Desktop/CW4.team/adc_8channel V2/adc_8channel_sd_eth_1600_v1/adc_8channel/adc_8channel.hw/backup/hw_ila_data_19.ila. Use Tcl command 'import_hw_ila_data' or Vivado File->Import->Import ILA Data menu item to import the previously saved data.
INFO: [Labtools 27-3304] ILA Waveform data saved to file C:/Users/DELL/Desktop/CW4.team/adc_8channel V2/adc_8channel_sd_eth_1600_v1/adc_8channel/adc_8channel.hw/backup/hw_ila_data_20.ila. Use Tcl command 'import_hw_ila_data' or Vivado File->Import->Import ILA Data menu item to import the previously saved data.
INFO: [Labtools 27-3304] ILA Waveform data saved to file C:/Users/DELL/Desktop/CW4.team/adc_8channel V2/adc_8channel_sd_eth_1600_v1/adc_8channel/adc_8channel.hw/backup/hw_ila_data_21.ila. Use Tcl command 'import_hw_ila_data' or Vivado File->Import->Import ILA Data menu item to import the previously saved data.
refresh_hw_device: Time (s): cpu = 00:00:01 ; elapsed = 00:00:08 . Memory (MB): peak = 1996.945 ; gain = 5.223
ERROR: [Labtoolstcl 44-513] HW Target shutdown. Closing target: localhost:3121/xilinx_tcf/Digilent/210512180081
INFO: [Labtoolstcl 44-466] Opening hw_target localhost:3121/xilinx_tcf/Digilent/210512180081
INFO: [Labtools 27-1435] Device xcku040 (JTAG device index = 0) is not programmed (DONE status = 0).
WARNING: [Labtoolstcl 44-129] No matching hw_ila_data was found.
ERROR: [Labtoolstcl 44-513] HW Target shutdown. Closing target: localhost:3121/xilinx_tcf/Digilent/210512180081
INFO: [Labtoolstcl 44-466] Opening hw_target localhost:3121/xilinx_tcf/Digilent/210512180081
ERROR: [Labtools 27-2312] Device xcku040_0 is no longer available.
Check cable connectivity and that the target board is powered up then
use the disconnect_hw_server and connect_hw_server to re-initialize the hardware target.
Use open_hw_target to re-register the hardware device.
WARNING: [Labtoolstcl 44-129] No matching hw_ila_data was found.
ERROR: [Labtoolstcl 44-513] HW Target shutdown. Closing target: localhost:3121/xilinx_tcf/Digilent/210512180081
INFO: [Labtoolstcl 44-466] Opening hw_target localhost:3121/xilinx_tcf/Digilent/210512180081
INFO: [Labtools 27-1435] Device xcku040 (JTAG device index = 0) is not programmed (DONE status = 0).
WARNING: [Labtoolstcl 44-129] No matching hw_ila_data was found.
